<?xml version="1.0" encoding="UTF-8"?>
<robot generator="Robot 7.4.2 (Python 3.10.0 on darwin)" generated="2026-04-20T15:09:44.897740" rpa="false" schemaversion="5">
<suite id="s1" name="Python" source="/Users/daniel_molina/Downloads/Python/Python">
<suite id="s1-s1" name="RobotFramerwork Basics" source="/Users/daniel_molina/Downloads/Python/Python/RobotFramerwork_Basics">
<suite id="s1-s1-s1" name="Test Exercises" source="/Users/daniel_molina/Downloads/Python/Python/RobotFramerwork_Basics/test_exercises.robot">
<test id="s1-s1-s1-t1" name="Simple Case One" line="3">
<kw name="Should Be True" owner="BuiltIn">
<arg>${True}</arg>
<doc>Fails if the given condition is not true.</doc>
<status status="PASS" start="2026-04-20T15:09:44.932248" elapsed="0.000332"/>
</kw>
<status status="PASS" start="2026-04-20T15:09:44.931015" elapsed="0.001691"/>
</test>
<test id="s1-s1-s1-t2" name="Simple Case Two" line="6">
<kw name="Should Be True" owner="BuiltIn">
<arg>${True}</arg>
<doc>Fails if the given condition is not true.</doc>
<status status="PASS" start="2026-04-20T15:09:44.939900" elapsed="0.000377"/>
</kw>
<status status="PASS" start="2026-04-20T15:09:44.933715" elapsed="0.006689"/>
</test>
<status status="PASS" start="2026-04-20T15:09:44.929688" elapsed="0.011834"/>
</suite>
<status status="PASS" start="2026-04-20T15:09:44.928149" elapsed="0.014526"/>
</suite>
<status status="PASS" start="2026-04-20T15:09:44.902402" elapsed="0.041426"/>
</suite>
<statistics>
<total>
<stat pass="2" fail="0" skip="0">All Tests</stat>
</total>
<tag>
</tag>
<suite>
<stat name="Python" id="s1" pass="2" fail="0" skip="0">Python</stat>
<stat name="RobotFramerwork Basics" id="s1-s1" pass="2" fail="0" skip="0">Python.RobotFramerwork Basics</stat>
<stat name="Test Exercises" id="s1-s1-s1" pass="2" fail="0" skip="0">Python.RobotFramerwork Basics.Test Exercises</stat>
</suite>
</statistics>
<errors>
</errors>
</robot>
